<?xml version="1.0" encoding="UTF-8"?>
<testng-results total="2" passed="2" failed="0" skipped="0">
  <reporter-output>
  </reporter-output>
  <suite started-at="2020-09-11T11:32:41Z" name="Default suite" finished-at="2020-09-11T11:32:42Z" duration-ms="622">
    <groups>
    </groups>
    <test started-at="2020-09-11T11:32:41Z" name="Default test" finished-at="2020-09-11T11:32:42Z" duration-ms="622">
      <class name="ExtentReport.Extenttest.TestCase">
        <test-method is-config="true" signature="setreport()[pri:0, instance:ExtentReport.Extenttest.TestCase@54e1c68b]" started-at="2020-09-11T17:02:41Z" name="setreport" finished-at="2020-09-11T17:02:42Z" duration-ms="188" status="PASS">
          <reporter-output>
          </reporter-output>
        </test-method> <!-- setreport -->
        <test-method signature="login()[pri:0, instance:ExtentReport.Extenttest.TestCase@54e1c68b]" started-at="2020-09-11T17:02:42Z" name="login" finished-at="2020-09-11T17:02:42Z" duration-ms="22" status="PASS">
          <reporter-output>
          </reporter-output>
        </test-method> <!-- login -->
        <test-method is-config="true" signature="tearDown(org.testng.ITestResult)[pri:0, instance:ExtentReport.Extenttest.TestCase@54e1c68b]" started-at="2020-09-11T17:02:42Z" name="tearDown" finished-at="2020-09-11T17:02:42Z" duration-ms="1" status="PASS">
          <params>
            <param index="0">
              <value>
                <![CDATA[[TestResult name=login status=SUCCESS method=TestCase.login()[pri:0, instance:ExtentReport.Extenttest.TestCase@54e1c68b] output={null}]]]>
              </value>
            </param>
          </params>
          <reporter-output>
          </reporter-output>
        </test-method> <!-- tearDown -->
        <test-method signature="reg()[pri:0, instance:ExtentReport.Extenttest.TestCase@54e1c68b]" started-at="2020-09-11T17:02:42Z" name="reg" finished-at="2020-09-11T17:02:42Z" duration-ms="2" status="PASS">
          <reporter-output>
          </reporter-output>
        </test-method> <!-- reg -->
        <test-method is-config="true" signature="tearDown(org.testng.ITestResult)[pri:0, instance:ExtentReport.Extenttest.TestCase@54e1c68b]" started-at="2020-09-11T17:02:42Z" name="tearDown" finished-at="2020-09-11T17:02:42Z" duration-ms="1" status="PASS">
          <params>
            <param index="0">
              <value>
                <![CDATA[[TestResult name=reg status=SUCCESS method=TestCase.reg()[pri:0, instance:ExtentReport.Extenttest.TestCase@54e1c68b] output={null}]]]>
              </value>
            </param>
          </params>
          <reporter-output>
          </reporter-output>
        </test-method> <!-- tearDown -->
        <test-method is-config="true" signature="end()[pri:0, instance:ExtentReport.Extenttest.TestCase@54e1c68b]" started-at="2020-09-11T17:02:42Z" name="end" finished-at="2020-09-11T17:02:42Z" duration-ms="395" status="PASS">
          <reporter-output>
          </reporter-output>
        </test-method> <!-- end -->
      </class> <!-- ExtentReport.Extenttest.TestCase -->
    </test> <!-- Default test -->
  </suite> <!-- Default suite -->
</testng-results>
